2023-12-15 23:59:50,363:WARNING:
'cuml' is a soft dependency and not included in the pycaret installation. Please run: `pip install cuml` to install.
2023-12-15 23:59:50,364:WARNING:
'cuml' is a soft dependency and not included in the pycaret installation. Please run: `pip install cuml` to install.
2023-12-15 23:59:50,364:WARNING:
'cuml' is a soft dependency and not included in the pycaret installation. Please run: `pip install cuml` to install.
2023-12-15 23:59:50,364:WARNING:
'cuml' is a soft dependency and not included in the pycaret installation. Please run: `pip install cuml` to install.
2023-12-15 23:59:51,223:INFO:Initializing load_model()
2023-12-15 23:59:51,224:INFO:load_model(model_name=XGBoost_deployment_15122023, platform=None, authentication=None, verbose=True)
2023-12-15 23:59:51,644:WARNING:/home/soulasphyxia/prog/hackaton_web/venv/lib64/python3.11/site-packages/pycaret/internal/pipeline.py:145: UserWarning: Version mismatch:
current: {'deps_info': {'pip': '22.3.1', 'setuptools': '65.5.1', 'pycaret': '3.2.0', 'IPython': '8.18.1', 'ipywidgets': '8.1.1', 'tqdm': '4.66.1', 'numpy': '1.25.2', 'pandas': '1.5.3', 'jinja2': '3.1.2', 'scipy': '1.10.1', 'joblib': '1.3.2', 'sklearn': '1.2.2', 'pyod': '1.1.2', 'imblearn': '0.11.0', 'category_encoders': '2.6.3', 'lightgbm': '4.1.0', 'numba': '0.58.1', 'requests': '2.28.2', 'matplotlib': '3.8.1', 'scikitplot': '0.3.7', 'yellowbrick': '1.5', 'plotly': '5.18.0', 'plotly-resampler': 'Not installed', 'kaleido': '0.2.1', 'schemdraw': '0.15', 'statsmodels': '0.14.1', 'sktime': '0.21.1', 'tbats': '1.1.3', 'pmdarima': '2.0.4', 'psutil': '5.9.6', 'markupsafe': '2.1.2', 'pickle5': 'Not installed', 'cloudpickle': '3.0.0', 'deprecation': '2.1.0', 'xxhash': '3.4.1', 'wurlitzer': '3.0.3'}, 'python': {'version': '3.11.6', 'machine': 'x86_64'}}
pickle: {'deps_info': {'pip': '23.1.2', 'setuptools': '67.7.2', 'pycaret': '3.2.0', 'IPython': '7.34.0', 'ipywidgets': '7.7.1', 'tqdm': '4.66.1', 'numpy': '1.23.5', 'pandas': '1.5.3', 'jinja2': '3.1.2', 'scipy': '1.10.1', 'joblib': '1.3.2', 'sklearn': '1.2.2', 'pyod': '1.1.2', 'imblearn': '0.10.1', 'category_encoders': '2.6.3', 'lightgbm': '4.1.0', 'numba': '0.58.1', 'requests': '2.31.0', 'matplotlib': '3.6.0', 'scikitplot': '0.3.7', 'yellowbrick': '1.5', 'plotly': '5.15.0', 'plotly-resampler': 'Not installed', 'kaleido': '0.2.1', 'schemdraw': '0.15', 'statsmodels': '0.14.0', 'sktime': '0.21.1', 'tbats': '1.1.3', 'pmdarima': '2.0.4', 'psutil': '5.9.5', 'markupsafe': '2.1.3', 'pickle5': 'Not installed', 'cloudpickle': '2.2.1', 'deprecation': '2.1.0', 'xxhash': '3.4.1', 'wurlitzer': '3.0.3'}, 'python': {'version': '3.10.12', 'machine': 'x86_64'}}
  warnings.warn(

2023-12-16 00:04:19,154:WARNING:
'cuml' is a soft dependency and not included in the pycaret installation. Please run: `pip install cuml` to install.
2023-12-16 00:04:19,155:WARNING:
'cuml' is a soft dependency and not included in the pycaret installation. Please run: `pip install cuml` to install.
2023-12-16 00:04:19,155:WARNING:
'cuml' is a soft dependency and not included in the pycaret installation. Please run: `pip install cuml` to install.
2023-12-16 00:04:19,155:WARNING:
'cuml' is a soft dependency and not included in the pycaret installation. Please run: `pip install cuml` to install.
2023-12-16 00:04:19,260:INFO:Initializing load_model()
2023-12-16 00:04:19,260:INFO:load_model(model_name=XGBoost_deployment_15122023, platform=None, authentication=None, verbose=True)
2023-12-16 00:04:19,328:WARNING:/home/soulasphyxia/prog/hackaton_web/venv/lib64/python3.11/site-packages/pycaret/internal/pipeline.py:145: UserWarning: Version mismatch:
current: {'deps_info': {'pip': '22.3.1', 'setuptools': '65.5.1', 'pycaret': '3.2.0', 'IPython': '8.18.1', 'ipywidgets': '8.1.1', 'tqdm': '4.66.1', 'numpy': '1.25.2', 'pandas': '1.5.3', 'jinja2': '3.1.2', 'scipy': '1.10.1', 'joblib': '1.3.2', 'sklearn': '1.2.2', 'pyod': '1.1.2', 'imblearn': '0.11.0', 'category_encoders': '2.6.3', 'lightgbm': '4.1.0', 'numba': '0.58.1', 'requests': '2.28.2', 'matplotlib': '3.8.1', 'scikitplot': '0.3.7', 'yellowbrick': '1.5', 'plotly': '5.18.0', 'plotly-resampler': 'Not installed', 'kaleido': '0.2.1', 'schemdraw': '0.15', 'statsmodels': '0.14.1', 'sktime': '0.21.1', 'tbats': '1.1.3', 'pmdarima': '2.0.4', 'psutil': '5.9.6', 'markupsafe': '2.1.2', 'pickle5': 'Not installed', 'cloudpickle': '3.0.0', 'deprecation': '2.1.0', 'xxhash': '3.4.1', 'wurlitzer': '3.0.3'}, 'python': {'version': '3.11.6', 'machine': 'x86_64'}}
pickle: {'deps_info': {'pip': '23.1.2', 'setuptools': '67.7.2', 'pycaret': '3.2.0', 'IPython': '7.34.0', 'ipywidgets': '7.7.1', 'tqdm': '4.66.1', 'numpy': '1.23.5', 'pandas': '1.5.3', 'jinja2': '3.1.2', 'scipy': '1.10.1', 'joblib': '1.3.2', 'sklearn': '1.2.2', 'pyod': '1.1.2', 'imblearn': '0.10.1', 'category_encoders': '2.6.3', 'lightgbm': '4.1.0', 'numba': '0.58.1', 'requests': '2.31.0', 'matplotlib': '3.6.0', 'scikitplot': '0.3.7', 'yellowbrick': '1.5', 'plotly': '5.15.0', 'plotly-resampler': 'Not installed', 'kaleido': '0.2.1', 'schemdraw': '0.15', 'statsmodels': '0.14.0', 'sktime': '0.21.1', 'tbats': '1.1.3', 'pmdarima': '2.0.4', 'psutil': '5.9.5', 'markupsafe': '2.1.3', 'pickle5': 'Not installed', 'cloudpickle': '2.2.1', 'deprecation': '2.1.0', 'xxhash': '3.4.1', 'wurlitzer': '3.0.3'}, 'python': {'version': '3.10.12', 'machine': 'x86_64'}}
  warnings.warn(

2023-12-16 00:04:39,700:WARNING:
'cuml' is a soft dependency and not included in the pycaret installation. Please run: `pip install cuml` to install.
2023-12-16 00:04:39,700:WARNING:
'cuml' is a soft dependency and not included in the pycaret installation. Please run: `pip install cuml` to install.
2023-12-16 00:04:39,700:WARNING:
'cuml' is a soft dependency and not included in the pycaret installation. Please run: `pip install cuml` to install.
2023-12-16 00:04:39,700:WARNING:
'cuml' is a soft dependency and not included in the pycaret installation. Please run: `pip install cuml` to install.
2023-12-16 00:04:39,799:INFO:Initializing load_model()
2023-12-16 00:04:39,799:INFO:load_model(model_name=XGBoost_deployment_15122023, platform=None, authentication=None, verbose=True)
2023-12-16 00:04:39,866:WARNING:/home/soulasphyxia/prog/hackaton_web/venv/lib64/python3.11/site-packages/pycaret/internal/pipeline.py:145: UserWarning: Version mismatch:
current: {'deps_info': {'pip': '22.3.1', 'setuptools': '65.5.1', 'pycaret': '3.2.0', 'IPython': '8.18.1', 'ipywidgets': '8.1.1', 'tqdm': '4.66.1', 'numpy': '1.25.2', 'pandas': '1.5.3', 'jinja2': '3.1.2', 'scipy': '1.10.1', 'joblib': '1.3.2', 'sklearn': '1.2.2', 'pyod': '1.1.2', 'imblearn': '0.11.0', 'category_encoders': '2.6.3', 'lightgbm': '4.1.0', 'numba': '0.58.1', 'requests': '2.28.2', 'matplotlib': '3.8.1', 'scikitplot': '0.3.7', 'yellowbrick': '1.5', 'plotly': '5.18.0', 'plotly-resampler': 'Not installed', 'kaleido': '0.2.1', 'schemdraw': '0.15', 'statsmodels': '0.14.1', 'sktime': '0.21.1', 'tbats': '1.1.3', 'pmdarima': '2.0.4', 'psutil': '5.9.6', 'markupsafe': '2.1.2', 'pickle5': 'Not installed', 'cloudpickle': '3.0.0', 'deprecation': '2.1.0', 'xxhash': '3.4.1', 'wurlitzer': '3.0.3'}, 'python': {'version': '3.11.6', 'machine': 'x86_64'}}
pickle: {'deps_info': {'pip': '23.1.2', 'setuptools': '67.7.2', 'pycaret': '3.2.0', 'IPython': '7.34.0', 'ipywidgets': '7.7.1', 'tqdm': '4.66.1', 'numpy': '1.23.5', 'pandas': '1.5.3', 'jinja2': '3.1.2', 'scipy': '1.10.1', 'joblib': '1.3.2', 'sklearn': '1.2.2', 'pyod': '1.1.2', 'imblearn': '0.10.1', 'category_encoders': '2.6.3', 'lightgbm': '4.1.0', 'numba': '0.58.1', 'requests': '2.31.0', 'matplotlib': '3.6.0', 'scikitplot': '0.3.7', 'yellowbrick': '1.5', 'plotly': '5.15.0', 'plotly-resampler': 'Not installed', 'kaleido': '0.2.1', 'schemdraw': '0.15', 'statsmodels': '0.14.0', 'sktime': '0.21.1', 'tbats': '1.1.3', 'pmdarima': '2.0.4', 'psutil': '5.9.5', 'markupsafe': '2.1.3', 'pickle5': 'Not installed', 'cloudpickle': '2.2.1', 'deprecation': '2.1.0', 'xxhash': '3.4.1', 'wurlitzer': '3.0.3'}, 'python': {'version': '3.10.12', 'machine': 'x86_64'}}
  warnings.warn(

2023-12-16 00:05:19,862:WARNING:
'cuml' is a soft dependency and not included in the pycaret installation. Please run: `pip install cuml` to install.
2023-12-16 00:05:19,863:WARNING:
'cuml' is a soft dependency and not included in the pycaret installation. Please run: `pip install cuml` to install.
2023-12-16 00:05:19,863:WARNING:
'cuml' is a soft dependency and not included in the pycaret installation. Please run: `pip install cuml` to install.
2023-12-16 00:05:19,863:WARNING:
'cuml' is a soft dependency and not included in the pycaret installation. Please run: `pip install cuml` to install.
2023-12-16 00:05:19,964:INFO:Initializing load_model()
2023-12-16 00:05:19,964:INFO:load_model(model_name=XGBoost_deployment_15122023, platform=None, authentication=None, verbose=True)
2023-12-16 00:05:20,031:WARNING:/home/soulasphyxia/prog/hackaton_web/venv/lib64/python3.11/site-packages/pycaret/internal/pipeline.py:145: UserWarning: Version mismatch:
current: {'deps_info': {'pip': '22.3.1', 'setuptools': '65.5.1', 'pycaret': '3.2.0', 'IPython': '8.18.1', 'ipywidgets': '8.1.1', 'tqdm': '4.66.1', 'numpy': '1.25.2', 'pandas': '1.5.3', 'jinja2': '3.1.2', 'scipy': '1.10.1', 'joblib': '1.3.2', 'sklearn': '1.2.2', 'pyod': '1.1.2', 'imblearn': '0.11.0', 'category_encoders': '2.6.3', 'lightgbm': '4.1.0', 'numba': '0.58.1', 'requests': '2.28.2', 'matplotlib': '3.8.1', 'scikitplot': '0.3.7', 'yellowbrick': '1.5', 'plotly': '5.18.0', 'plotly-resampler': 'Not installed', 'kaleido': '0.2.1', 'schemdraw': '0.15', 'statsmodels': '0.14.1', 'sktime': '0.21.1', 'tbats': '1.1.3', 'pmdarima': '2.0.4', 'psutil': '5.9.6', 'markupsafe': '2.1.2', 'pickle5': 'Not installed', 'cloudpickle': '3.0.0', 'deprecation': '2.1.0', 'xxhash': '3.4.1', 'wurlitzer': '3.0.3'}, 'python': {'version': '3.11.6', 'machine': 'x86_64'}}
pickle: {'deps_info': {'pip': '23.1.2', 'setuptools': '67.7.2', 'pycaret': '3.2.0', 'IPython': '7.34.0', 'ipywidgets': '7.7.1', 'tqdm': '4.66.1', 'numpy': '1.23.5', 'pandas': '1.5.3', 'jinja2': '3.1.2', 'scipy': '1.10.1', 'joblib': '1.3.2', 'sklearn': '1.2.2', 'pyod': '1.1.2', 'imblearn': '0.10.1', 'category_encoders': '2.6.3', 'lightgbm': '4.1.0', 'numba': '0.58.1', 'requests': '2.31.0', 'matplotlib': '3.6.0', 'scikitplot': '0.3.7', 'yellowbrick': '1.5', 'plotly': '5.15.0', 'plotly-resampler': 'Not installed', 'kaleido': '0.2.1', 'schemdraw': '0.15', 'statsmodels': '0.14.0', 'sktime': '0.21.1', 'tbats': '1.1.3', 'pmdarima': '2.0.4', 'psutil': '5.9.5', 'markupsafe': '2.1.3', 'pickle5': 'Not installed', 'cloudpickle': '2.2.1', 'deprecation': '2.1.0', 'xxhash': '3.4.1', 'wurlitzer': '3.0.3'}, 'python': {'version': '3.10.12', 'machine': 'x86_64'}}
  warnings.warn(

2023-12-16 00:05:58,042:WARNING:
'cuml' is a soft dependency and not included in the pycaret installation. Please run: `pip install cuml` to install.
2023-12-16 00:05:58,042:WARNING:
'cuml' is a soft dependency and not included in the pycaret installation. Please run: `pip install cuml` to install.
2023-12-16 00:05:58,042:WARNING:
'cuml' is a soft dependency and not included in the pycaret installation. Please run: `pip install cuml` to install.
2023-12-16 00:05:58,042:WARNING:
'cuml' is a soft dependency and not included in the pycaret installation. Please run: `pip install cuml` to install.
2023-12-16 00:05:58,142:INFO:Initializing load_model()
2023-12-16 00:05:58,142:INFO:load_model(model_name=XGBoost_deployment_15122023, platform=None, authentication=None, verbose=True)
2023-12-16 00:05:58,208:WARNING:/home/soulasphyxia/prog/hackaton_web/venv/lib64/python3.11/site-packages/pycaret/internal/pipeline.py:145: UserWarning: Version mismatch:
current: {'deps_info': {'pip': '22.3.1', 'setuptools': '65.5.1', 'pycaret': '3.2.0', 'IPython': '8.18.1', 'ipywidgets': '8.1.1', 'tqdm': '4.66.1', 'numpy': '1.25.2', 'pandas': '1.5.3', 'jinja2': '3.1.2', 'scipy': '1.10.1', 'joblib': '1.3.2', 'sklearn': '1.2.2', 'pyod': '1.1.2', 'imblearn': '0.11.0', 'category_encoders': '2.6.3', 'lightgbm': '4.1.0', 'numba': '0.58.1', 'requests': '2.28.2', 'matplotlib': '3.8.1', 'scikitplot': '0.3.7', 'yellowbrick': '1.5', 'plotly': '5.18.0', 'plotly-resampler': 'Not installed', 'kaleido': '0.2.1', 'schemdraw': '0.15', 'statsmodels': '0.14.1', 'sktime': '0.21.1', 'tbats': '1.1.3', 'pmdarima': '2.0.4', 'psutil': '5.9.6', 'markupsafe': '2.1.2', 'pickle5': 'Not installed', 'cloudpickle': '3.0.0', 'deprecation': '2.1.0', 'xxhash': '3.4.1', 'wurlitzer': '3.0.3'}, 'python': {'version': '3.11.6', 'machine': 'x86_64'}}
pickle: {'deps_info': {'pip': '23.1.2', 'setuptools': '67.7.2', 'pycaret': '3.2.0', 'IPython': '7.34.0', 'ipywidgets': '7.7.1', 'tqdm': '4.66.1', 'numpy': '1.23.5', 'pandas': '1.5.3', 'jinja2': '3.1.2', 'scipy': '1.10.1', 'joblib': '1.3.2', 'sklearn': '1.2.2', 'pyod': '1.1.2', 'imblearn': '0.10.1', 'category_encoders': '2.6.3', 'lightgbm': '4.1.0', 'numba': '0.58.1', 'requests': '2.31.0', 'matplotlib': '3.6.0', 'scikitplot': '0.3.7', 'yellowbrick': '1.5', 'plotly': '5.15.0', 'plotly-resampler': 'Not installed', 'kaleido': '0.2.1', 'schemdraw': '0.15', 'statsmodels': '0.14.0', 'sktime': '0.21.1', 'tbats': '1.1.3', 'pmdarima': '2.0.4', 'psutil': '5.9.5', 'markupsafe': '2.1.3', 'pickle5': 'Not installed', 'cloudpickle': '2.2.1', 'deprecation': '2.1.0', 'xxhash': '3.4.1', 'wurlitzer': '3.0.3'}, 'python': {'version': '3.10.12', 'machine': 'x86_64'}}
  warnings.warn(

2023-12-16 00:06:25,269:WARNING:
'cuml' is a soft dependency and not included in the pycaret installation. Please run: `pip install cuml` to install.
2023-12-16 00:06:25,269:WARNING:
'cuml' is a soft dependency and not included in the pycaret installation. Please run: `pip install cuml` to install.
2023-12-16 00:06:25,269:WARNING:
'cuml' is a soft dependency and not included in the pycaret installation. Please run: `pip install cuml` to install.
2023-12-16 00:06:25,269:WARNING:
'cuml' is a soft dependency and not included in the pycaret installation. Please run: `pip install cuml` to install.
2023-12-16 00:06:25,369:INFO:Initializing load_model()
2023-12-16 00:06:25,369:INFO:load_model(model_name=XGBoost_deployment_15122023, platform=None, authentication=None, verbose=True)
2023-12-16 00:06:25,436:WARNING:/home/soulasphyxia/prog/hackaton_web/venv/lib64/python3.11/site-packages/pycaret/internal/pipeline.py:145: UserWarning: Version mismatch:
current: {'deps_info': {'pip': '22.3.1', 'setuptools': '65.5.1', 'pycaret': '3.2.0', 'IPython': '8.18.1', 'ipywidgets': '8.1.1', 'tqdm': '4.66.1', 'numpy': '1.25.2', 'pandas': '1.5.3', 'jinja2': '3.1.2', 'scipy': '1.10.1', 'joblib': '1.3.2', 'sklearn': '1.2.2', 'pyod': '1.1.2', 'imblearn': '0.11.0', 'category_encoders': '2.6.3', 'lightgbm': '4.1.0', 'numba': '0.58.1', 'requests': '2.28.2', 'matplotlib': '3.8.1', 'scikitplot': '0.3.7', 'yellowbrick': '1.5', 'plotly': '5.18.0', 'plotly-resampler': 'Not installed', 'kaleido': '0.2.1', 'schemdraw': '0.15', 'statsmodels': '0.14.1', 'sktime': '0.21.1', 'tbats': '1.1.3', 'pmdarima': '2.0.4', 'psutil': '5.9.6', 'markupsafe': '2.1.2', 'pickle5': 'Not installed', 'cloudpickle': '3.0.0', 'deprecation': '2.1.0', 'xxhash': '3.4.1', 'wurlitzer': '3.0.3'}, 'python': {'version': '3.11.6', 'machine': 'x86_64'}}
pickle: {'deps_info': {'pip': '23.1.2', 'setuptools': '67.7.2', 'pycaret': '3.2.0', 'IPython': '7.34.0', 'ipywidgets': '7.7.1', 'tqdm': '4.66.1', 'numpy': '1.23.5', 'pandas': '1.5.3', 'jinja2': '3.1.2', 'scipy': '1.10.1', 'joblib': '1.3.2', 'sklearn': '1.2.2', 'pyod': '1.1.2', 'imblearn': '0.10.1', 'category_encoders': '2.6.3', 'lightgbm': '4.1.0', 'numba': '0.58.1', 'requests': '2.31.0', 'matplotlib': '3.6.0', 'scikitplot': '0.3.7', 'yellowbrick': '1.5', 'plotly': '5.15.0', 'plotly-resampler': 'Not installed', 'kaleido': '0.2.1', 'schemdraw': '0.15', 'statsmodels': '0.14.0', 'sktime': '0.21.1', 'tbats': '1.1.3', 'pmdarima': '2.0.4', 'psutil': '5.9.5', 'markupsafe': '2.1.3', 'pickle5': 'Not installed', 'cloudpickle': '2.2.1', 'deprecation': '2.1.0', 'xxhash': '3.4.1', 'wurlitzer': '3.0.3'}, 'python': {'version': '3.10.12', 'machine': 'x86_64'}}
  warnings.warn(

2023-12-16 00:07:07,660:WARNING:
'cuml' is a soft dependency and not included in the pycaret installation. Please run: `pip install cuml` to install.
2023-12-16 00:07:07,661:WARNING:
'cuml' is a soft dependency and not included in the pycaret installation. Please run: `pip install cuml` to install.
2023-12-16 00:07:07,661:WARNING:
'cuml' is a soft dependency and not included in the pycaret installation. Please run: `pip install cuml` to install.
2023-12-16 00:07:07,661:WARNING:
'cuml' is a soft dependency and not included in the pycaret installation. Please run: `pip install cuml` to install.
2023-12-16 00:07:07,761:INFO:Initializing load_model()
2023-12-16 00:07:07,761:INFO:load_model(model_name=XGBoost_deployment_15122023, platform=None, authentication=None, verbose=True)
2023-12-16 00:07:07,827:WARNING:/home/soulasphyxia/prog/hackaton_web/venv/lib64/python3.11/site-packages/pycaret/internal/pipeline.py:145: UserWarning: Version mismatch:
current: {'deps_info': {'pip': '22.3.1', 'setuptools': '65.5.1', 'pycaret': '3.2.0', 'IPython': '8.18.1', 'ipywidgets': '8.1.1', 'tqdm': '4.66.1', 'numpy': '1.25.2', 'pandas': '1.5.3', 'jinja2': '3.1.2', 'scipy': '1.10.1', 'joblib': '1.3.2', 'sklearn': '1.2.2', 'pyod': '1.1.2', 'imblearn': '0.11.0', 'category_encoders': '2.6.3', 'lightgbm': '4.1.0', 'numba': '0.58.1', 'requests': '2.28.2', 'matplotlib': '3.8.1', 'scikitplot': '0.3.7', 'yellowbrick': '1.5', 'plotly': '5.18.0', 'plotly-resampler': 'Not installed', 'kaleido': '0.2.1', 'schemdraw': '0.15', 'statsmodels': '0.14.1', 'sktime': '0.21.1', 'tbats': '1.1.3', 'pmdarima': '2.0.4', 'psutil': '5.9.6', 'markupsafe': '2.1.2', 'pickle5': 'Not installed', 'cloudpickle': '3.0.0', 'deprecation': '2.1.0', 'xxhash': '3.4.1', 'wurlitzer': '3.0.3'}, 'python': {'version': '3.11.6', 'machine': 'x86_64'}}
pickle: {'deps_info': {'pip': '23.1.2', 'setuptools': '67.7.2', 'pycaret': '3.2.0', 'IPython': '7.34.0', 'ipywidgets': '7.7.1', 'tqdm': '4.66.1', 'numpy': '1.23.5', 'pandas': '1.5.3', 'jinja2': '3.1.2', 'scipy': '1.10.1', 'joblib': '1.3.2', 'sklearn': '1.2.2', 'pyod': '1.1.2', 'imblearn': '0.10.1', 'category_encoders': '2.6.3', 'lightgbm': '4.1.0', 'numba': '0.58.1', 'requests': '2.31.0', 'matplotlib': '3.6.0', 'scikitplot': '0.3.7', 'yellowbrick': '1.5', 'plotly': '5.15.0', 'plotly-resampler': 'Not installed', 'kaleido': '0.2.1', 'schemdraw': '0.15', 'statsmodels': '0.14.0', 'sktime': '0.21.1', 'tbats': '1.1.3', 'pmdarima': '2.0.4', 'psutil': '5.9.5', 'markupsafe': '2.1.3', 'pickle5': 'Not installed', 'cloudpickle': '2.2.1', 'deprecation': '2.1.0', 'xxhash': '3.4.1', 'wurlitzer': '3.0.3'}, 'python': {'version': '3.10.12', 'machine': 'x86_64'}}
  warnings.warn(

2023-12-16 00:07:31,707:WARNING:
'cuml' is a soft dependency and not included in the pycaret installation. Please run: `pip install cuml` to install.
2023-12-16 00:07:31,708:WARNING:
'cuml' is a soft dependency and not included in the pycaret installation. Please run: `pip install cuml` to install.
2023-12-16 00:07:31,708:WARNING:
'cuml' is a soft dependency and not included in the pycaret installation. Please run: `pip install cuml` to install.
2023-12-16 00:07:31,708:WARNING:
'cuml' is a soft dependency and not included in the pycaret installation. Please run: `pip install cuml` to install.
2023-12-16 00:07:31,808:INFO:Initializing load_model()
2023-12-16 00:07:31,808:INFO:load_model(model_name=XGBoost_deployment_15122023, platform=None, authentication=None, verbose=True)
2023-12-16 00:07:31,874:WARNING:/home/soulasphyxia/prog/hackaton_web/venv/lib64/python3.11/site-packages/pycaret/internal/pipeline.py:145: UserWarning: Version mismatch:
current: {'deps_info': {'pip': '22.3.1', 'setuptools': '65.5.1', 'pycaret': '3.2.0', 'IPython': '8.18.1', 'ipywidgets': '8.1.1', 'tqdm': '4.66.1', 'numpy': '1.25.2', 'pandas': '1.5.3', 'jinja2': '3.1.2', 'scipy': '1.10.1', 'joblib': '1.3.2', 'sklearn': '1.2.2', 'pyod': '1.1.2', 'imblearn': '0.11.0', 'category_encoders': '2.6.3', 'lightgbm': '4.1.0', 'numba': '0.58.1', 'requests': '2.28.2', 'matplotlib': '3.8.1', 'scikitplot': '0.3.7', 'yellowbrick': '1.5', 'plotly': '5.18.0', 'plotly-resampler': 'Not installed', 'kaleido': '0.2.1', 'schemdraw': '0.15', 'statsmodels': '0.14.1', 'sktime': '0.21.1', 'tbats': '1.1.3', 'pmdarima': '2.0.4', 'psutil': '5.9.6', 'markupsafe': '2.1.2', 'pickle5': 'Not installed', 'cloudpickle': '3.0.0', 'deprecation': '2.1.0', 'xxhash': '3.4.1', 'wurlitzer': '3.0.3'}, 'python': {'version': '3.11.6', 'machine': 'x86_64'}}
pickle: {'deps_info': {'pip': '23.1.2', 'setuptools': '67.7.2', 'pycaret': '3.2.0', 'IPython': '7.34.0', 'ipywidgets': '7.7.1', 'tqdm': '4.66.1', 'numpy': '1.23.5', 'pandas': '1.5.3', 'jinja2': '3.1.2', 'scipy': '1.10.1', 'joblib': '1.3.2', 'sklearn': '1.2.2', 'pyod': '1.1.2', 'imblearn': '0.10.1', 'category_encoders': '2.6.3', 'lightgbm': '4.1.0', 'numba': '0.58.1', 'requests': '2.31.0', 'matplotlib': '3.6.0', 'scikitplot': '0.3.7', 'yellowbrick': '1.5', 'plotly': '5.15.0', 'plotly-resampler': 'Not installed', 'kaleido': '0.2.1', 'schemdraw': '0.15', 'statsmodels': '0.14.0', 'sktime': '0.21.1', 'tbats': '1.1.3', 'pmdarima': '2.0.4', 'psutil': '5.9.5', 'markupsafe': '2.1.3', 'pickle5': 'Not installed', 'cloudpickle': '2.2.1', 'deprecation': '2.1.0', 'xxhash': '3.4.1', 'wurlitzer': '3.0.3'}, 'python': {'version': '3.10.12', 'machine': 'x86_64'}}
  warnings.warn(

2023-12-16 00:08:30,896:WARNING:
'cuml' is a soft dependency and not included in the pycaret installation. Please run: `pip install cuml` to install.
2023-12-16 00:08:30,896:WARNING:
'cuml' is a soft dependency and not included in the pycaret installation. Please run: `pip install cuml` to install.
2023-12-16 00:08:30,896:WARNING:
'cuml' is a soft dependency and not included in the pycaret installation. Please run: `pip install cuml` to install.
2023-12-16 00:08:30,896:WARNING:
'cuml' is a soft dependency and not included in the pycaret installation. Please run: `pip install cuml` to install.
2023-12-16 00:08:30,996:INFO:Initializing load_model()
2023-12-16 00:08:30,996:INFO:load_model(model_name=XGBoost_deployment_15122023, platform=None, authentication=None, verbose=True)
2023-12-16 00:08:31,062:WARNING:/home/soulasphyxia/prog/hackaton_web/venv/lib64/python3.11/site-packages/pycaret/internal/pipeline.py:145: UserWarning: Version mismatch:
current: {'deps_info': {'pip': '22.3.1', 'setuptools': '65.5.1', 'pycaret': '3.2.0', 'IPython': '8.18.1', 'ipywidgets': '8.1.1', 'tqdm': '4.66.1', 'numpy': '1.25.2', 'pandas': '1.5.3', 'jinja2': '3.1.2', 'scipy': '1.10.1', 'joblib': '1.3.2', 'sklearn': '1.2.2', 'pyod': '1.1.2', 'imblearn': '0.11.0', 'category_encoders': '2.6.3', 'lightgbm': '4.1.0', 'numba': '0.58.1', 'requests': '2.28.2', 'matplotlib': '3.8.1', 'scikitplot': '0.3.7', 'yellowbrick': '1.5', 'plotly': '5.18.0', 'plotly-resampler': 'Not installed', 'kaleido': '0.2.1', 'schemdraw': '0.15', 'statsmodels': '0.14.1', 'sktime': '0.21.1', 'tbats': '1.1.3', 'pmdarima': '2.0.4', 'psutil': '5.9.6', 'markupsafe': '2.1.2', 'pickle5': 'Not installed', 'cloudpickle': '3.0.0', 'deprecation': '2.1.0', 'xxhash': '3.4.1', 'wurlitzer': '3.0.3'}, 'python': {'version': '3.11.6', 'machine': 'x86_64'}}
pickle: {'deps_info': {'pip': '23.1.2', 'setuptools': '67.7.2', 'pycaret': '3.2.0', 'IPython': '7.34.0', 'ipywidgets': '7.7.1', 'tqdm': '4.66.1', 'numpy': '1.23.5', 'pandas': '1.5.3', 'jinja2': '3.1.2', 'scipy': '1.10.1', 'joblib': '1.3.2', 'sklearn': '1.2.2', 'pyod': '1.1.2', 'imblearn': '0.10.1', 'category_encoders': '2.6.3', 'lightgbm': '4.1.0', 'numba': '0.58.1', 'requests': '2.31.0', 'matplotlib': '3.6.0', 'scikitplot': '0.3.7', 'yellowbrick': '1.5', 'plotly': '5.15.0', 'plotly-resampler': 'Not installed', 'kaleido': '0.2.1', 'schemdraw': '0.15', 'statsmodels': '0.14.0', 'sktime': '0.21.1', 'tbats': '1.1.3', 'pmdarima': '2.0.4', 'psutil': '5.9.5', 'markupsafe': '2.1.3', 'pickle5': 'Not installed', 'cloudpickle': '2.2.1', 'deprecation': '2.1.0', 'xxhash': '3.4.1', 'wurlitzer': '3.0.3'}, 'python': {'version': '3.10.12', 'machine': 'x86_64'}}
  warnings.warn(

2023-12-16 00:08:51,843:WARNING:
'cuml' is a soft dependency and not included in the pycaret installation. Please run: `pip install cuml` to install.
2023-12-16 00:08:51,843:WARNING:
'cuml' is a soft dependency and not included in the pycaret installation. Please run: `pip install cuml` to install.
2023-12-16 00:08:51,843:WARNING:
'cuml' is a soft dependency and not included in the pycaret installation. Please run: `pip install cuml` to install.
2023-12-16 00:08:51,843:WARNING:
'cuml' is a soft dependency and not included in the pycaret installation. Please run: `pip install cuml` to install.
2023-12-16 00:08:51,944:INFO:Initializing load_model()
2023-12-16 00:08:51,945:INFO:load_model(model_name=XGBoost_deployment_15122023, platform=None, authentication=None, verbose=True)
2023-12-16 00:08:52,011:WARNING:/home/soulasphyxia/prog/hackaton_web/venv/lib64/python3.11/site-packages/pycaret/internal/pipeline.py:145: UserWarning: Version mismatch:
current: {'deps_info': {'pip': '22.3.1', 'setuptools': '65.5.1', 'pycaret': '3.2.0', 'IPython': '8.18.1', 'ipywidgets': '8.1.1', 'tqdm': '4.66.1', 'numpy': '1.25.2', 'pandas': '1.5.3', 'jinja2': '3.1.2', 'scipy': '1.10.1', 'joblib': '1.3.2', 'sklearn': '1.2.2', 'pyod': '1.1.2', 'imblearn': '0.11.0', 'category_encoders': '2.6.3', 'lightgbm': '4.1.0', 'numba': '0.58.1', 'requests': '2.28.2', 'matplotlib': '3.8.1', 'scikitplot': '0.3.7', 'yellowbrick': '1.5', 'plotly': '5.18.0', 'plotly-resampler': 'Not installed', 'kaleido': '0.2.1', 'schemdraw': '0.15', 'statsmodels': '0.14.1', 'sktime': '0.21.1', 'tbats': '1.1.3', 'pmdarima': '2.0.4', 'psutil': '5.9.6', 'markupsafe': '2.1.2', 'pickle5': 'Not installed', 'cloudpickle': '3.0.0', 'deprecation': '2.1.0', 'xxhash': '3.4.1', 'wurlitzer': '3.0.3'}, 'python': {'version': '3.11.6', 'machine': 'x86_64'}}
pickle: {'deps_info': {'pip': '23.1.2', 'setuptools': '67.7.2', 'pycaret': '3.2.0', 'IPython': '7.34.0', 'ipywidgets': '7.7.1', 'tqdm': '4.66.1', 'numpy': '1.23.5', 'pandas': '1.5.3', 'jinja2': '3.1.2', 'scipy': '1.10.1', 'joblib': '1.3.2', 'sklearn': '1.2.2', 'pyod': '1.1.2', 'imblearn': '0.10.1', 'category_encoders': '2.6.3', 'lightgbm': '4.1.0', 'numba': '0.58.1', 'requests': '2.31.0', 'matplotlib': '3.6.0', 'scikitplot': '0.3.7', 'yellowbrick': '1.5', 'plotly': '5.15.0', 'plotly-resampler': 'Not installed', 'kaleido': '0.2.1', 'schemdraw': '0.15', 'statsmodels': '0.14.0', 'sktime': '0.21.1', 'tbats': '1.1.3', 'pmdarima': '2.0.4', 'psutil': '5.9.5', 'markupsafe': '2.1.3', 'pickle5': 'Not installed', 'cloudpickle': '2.2.1', 'deprecation': '2.1.0', 'xxhash': '3.4.1', 'wurlitzer': '3.0.3'}, 'python': {'version': '3.10.12', 'machine': 'x86_64'}}
  warnings.warn(

2023-12-16 00:09:19,932:WARNING:
'cuml' is a soft dependency and not included in the pycaret installation. Please run: `pip install cuml` to install.
2023-12-16 00:09:19,932:WARNING:
'cuml' is a soft dependency and not included in the pycaret installation. Please run: `pip install cuml` to install.
2023-12-16 00:09:19,932:WARNING:
'cuml' is a soft dependency and not included in the pycaret installation. Please run: `pip install cuml` to install.
2023-12-16 00:09:19,932:WARNING:
'cuml' is a soft dependency and not included in the pycaret installation. Please run: `pip install cuml` to install.
2023-12-16 00:09:20,033:INFO:Initializing load_model()
2023-12-16 00:09:20,033:INFO:load_model(model_name=XGBoost_deployment_15122023, platform=None, authentication=None, verbose=True)
2023-12-16 00:09:20,100:WARNING:/home/soulasphyxia/prog/hackaton_web/venv/lib64/python3.11/site-packages/pycaret/internal/pipeline.py:145: UserWarning: Version mismatch:
current: {'deps_info': {'pip': '22.3.1', 'setuptools': '65.5.1', 'pycaret': '3.2.0', 'IPython': '8.18.1', 'ipywidgets': '8.1.1', 'tqdm': '4.66.1', 'numpy': '1.25.2', 'pandas': '1.5.3', 'jinja2': '3.1.2', 'scipy': '1.10.1', 'joblib': '1.3.2', 'sklearn': '1.2.2', 'pyod': '1.1.2', 'imblearn': '0.11.0', 'category_encoders': '2.6.3', 'lightgbm': '4.1.0', 'numba': '0.58.1', 'requests': '2.28.2', 'matplotlib': '3.8.1', 'scikitplot': '0.3.7', 'yellowbrick': '1.5', 'plotly': '5.18.0', 'plotly-resampler': 'Not installed', 'kaleido': '0.2.1', 'schemdraw': '0.15', 'statsmodels': '0.14.1', 'sktime': '0.21.1', 'tbats': '1.1.3', 'pmdarima': '2.0.4', 'psutil': '5.9.6', 'markupsafe': '2.1.2', 'pickle5': 'Not installed', 'cloudpickle': '3.0.0', 'deprecation': '2.1.0', 'xxhash': '3.4.1', 'wurlitzer': '3.0.3'}, 'python': {'version': '3.11.6', 'machine': 'x86_64'}}
pickle: {'deps_info': {'pip': '23.1.2', 'setuptools': '67.7.2', 'pycaret': '3.2.0', 'IPython': '7.34.0', 'ipywidgets': '7.7.1', 'tqdm': '4.66.1', 'numpy': '1.23.5', 'pandas': '1.5.3', 'jinja2': '3.1.2', 'scipy': '1.10.1', 'joblib': '1.3.2', 'sklearn': '1.2.2', 'pyod': '1.1.2', 'imblearn': '0.10.1', 'category_encoders': '2.6.3', 'lightgbm': '4.1.0', 'numba': '0.58.1', 'requests': '2.31.0', 'matplotlib': '3.6.0', 'scikitplot': '0.3.7', 'yellowbrick': '1.5', 'plotly': '5.15.0', 'plotly-resampler': 'Not installed', 'kaleido': '0.2.1', 'schemdraw': '0.15', 'statsmodels': '0.14.0', 'sktime': '0.21.1', 'tbats': '1.1.3', 'pmdarima': '2.0.4', 'psutil': '5.9.5', 'markupsafe': '2.1.3', 'pickle5': 'Not installed', 'cloudpickle': '2.2.1', 'deprecation': '2.1.0', 'xxhash': '3.4.1', 'wurlitzer': '3.0.3'}, 'python': {'version': '3.10.12', 'machine': 'x86_64'}}
  warnings.warn(

2023-12-16 00:10:55,240:WARNING:
'cuml' is a soft dependency and not included in the pycaret installation. Please run: `pip install cuml` to install.
2023-12-16 00:10:55,240:WARNING:
'cuml' is a soft dependency and not included in the pycaret installation. Please run: `pip install cuml` to install.
2023-12-16 00:10:55,240:WARNING:
'cuml' is a soft dependency and not included in the pycaret installation. Please run: `pip install cuml` to install.
2023-12-16 00:10:55,241:WARNING:
'cuml' is a soft dependency and not included in the pycaret installation. Please run: `pip install cuml` to install.
2023-12-16 00:10:55,341:INFO:Initializing load_model()
2023-12-16 00:10:55,341:INFO:load_model(model_name=XGBoost_deployment_15122023, platform=None, authentication=None, verbose=True)
2023-12-16 00:10:55,407:WARNING:/home/soulasphyxia/prog/hackaton_web/venv/lib64/python3.11/site-packages/pycaret/internal/pipeline.py:145: UserWarning: Version mismatch:
current: {'deps_info': {'pip': '22.3.1', 'setuptools': '65.5.1', 'pycaret': '3.2.0', 'IPython': '8.18.1', 'ipywidgets': '8.1.1', 'tqdm': '4.66.1', 'numpy': '1.25.2', 'pandas': '1.5.3', 'jinja2': '3.1.2', 'scipy': '1.10.1', 'joblib': '1.3.2', 'sklearn': '1.2.2', 'pyod': '1.1.2', 'imblearn': '0.11.0', 'category_encoders': '2.6.3', 'lightgbm': '4.1.0', 'numba': '0.58.1', 'requests': '2.28.2', 'matplotlib': '3.8.1', 'scikitplot': '0.3.7', 'yellowbrick': '1.5', 'plotly': '5.18.0', 'plotly-resampler': 'Not installed', 'kaleido': '0.2.1', 'schemdraw': '0.15', 'statsmodels': '0.14.1', 'sktime': '0.21.1', 'tbats': '1.1.3', 'pmdarima': '2.0.4', 'psutil': '5.9.6', 'markupsafe': '2.1.2', 'pickle5': 'Not installed', 'cloudpickle': '3.0.0', 'deprecation': '2.1.0', 'xxhash': '3.4.1', 'wurlitzer': '3.0.3'}, 'python': {'version': '3.11.6', 'machine': 'x86_64'}}
pickle: {'deps_info': {'pip': '23.1.2', 'setuptools': '67.7.2', 'pycaret': '3.2.0', 'IPython': '7.34.0', 'ipywidgets': '7.7.1', 'tqdm': '4.66.1', 'numpy': '1.23.5', 'pandas': '1.5.3', 'jinja2': '3.1.2', 'scipy': '1.10.1', 'joblib': '1.3.2', 'sklearn': '1.2.2', 'pyod': '1.1.2', 'imblearn': '0.10.1', 'category_encoders': '2.6.3', 'lightgbm': '4.1.0', 'numba': '0.58.1', 'requests': '2.31.0', 'matplotlib': '3.6.0', 'scikitplot': '0.3.7', 'yellowbrick': '1.5', 'plotly': '5.15.0', 'plotly-resampler': 'Not installed', 'kaleido': '0.2.1', 'schemdraw': '0.15', 'statsmodels': '0.14.0', 'sktime': '0.21.1', 'tbats': '1.1.3', 'pmdarima': '2.0.4', 'psutil': '5.9.5', 'markupsafe': '2.1.3', 'pickle5': 'Not installed', 'cloudpickle': '2.2.1', 'deprecation': '2.1.0', 'xxhash': '3.4.1', 'wurlitzer': '3.0.3'}, 'python': {'version': '3.10.12', 'machine': 'x86_64'}}
  warnings.warn(

2023-12-16 00:11:28,488:WARNING:
'cuml' is a soft dependency and not included in the pycaret installation. Please run: `pip install cuml` to install.
2023-12-16 00:11:28,488:WARNING:
'cuml' is a soft dependency and not included in the pycaret installation. Please run: `pip install cuml` to install.
2023-12-16 00:11:28,488:WARNING:
'cuml' is a soft dependency and not included in the pycaret installation. Please run: `pip install cuml` to install.
2023-12-16 00:11:28,488:WARNING:
'cuml' is a soft dependency and not included in the pycaret installation. Please run: `pip install cuml` to install.
2023-12-16 00:11:28,589:INFO:Initializing load_model()
2023-12-16 00:11:28,589:INFO:load_model(model_name=XGBoost_deployment_15122023, platform=None, authentication=None, verbose=True)
2023-12-16 00:11:28,656:WARNING:/home/soulasphyxia/prog/hackaton_web/venv/lib64/python3.11/site-packages/pycaret/internal/pipeline.py:145: UserWarning: Version mismatch:
current: {'deps_info': {'pip': '22.3.1', 'setuptools': '65.5.1', 'pycaret': '3.2.0', 'IPython': '8.18.1', 'ipywidgets': '8.1.1', 'tqdm': '4.66.1', 'numpy': '1.25.2', 'pandas': '1.5.3', 'jinja2': '3.1.2', 'scipy': '1.10.1', 'joblib': '1.3.2', 'sklearn': '1.2.2', 'pyod': '1.1.2', 'imblearn': '0.11.0', 'category_encoders': '2.6.3', 'lightgbm': '4.1.0', 'numba': '0.58.1', 'requests': '2.28.2', 'matplotlib': '3.8.1', 'scikitplot': '0.3.7', 'yellowbrick': '1.5', 'plotly': '5.18.0', 'plotly-resampler': 'Not installed', 'kaleido': '0.2.1', 'schemdraw': '0.15', 'statsmodels': '0.14.1', 'sktime': '0.21.1', 'tbats': '1.1.3', 'pmdarima': '2.0.4', 'psutil': '5.9.6', 'markupsafe': '2.1.2', 'pickle5': 'Not installed', 'cloudpickle': '3.0.0', 'deprecation': '2.1.0', 'xxhash': '3.4.1', 'wurlitzer': '3.0.3'}, 'python': {'version': '3.11.6', 'machine': 'x86_64'}}
pickle: {'deps_info': {'pip': '23.1.2', 'setuptools': '67.7.2', 'pycaret': '3.2.0', 'IPython': '7.34.0', 'ipywidgets': '7.7.1', 'tqdm': '4.66.1', 'numpy': '1.23.5', 'pandas': '1.5.3', 'jinja2': '3.1.2', 'scipy': '1.10.1', 'joblib': '1.3.2', 'sklearn': '1.2.2', 'pyod': '1.1.2', 'imblearn': '0.10.1', 'category_encoders': '2.6.3', 'lightgbm': '4.1.0', 'numba': '0.58.1', 'requests': '2.31.0', 'matplotlib': '3.6.0', 'scikitplot': '0.3.7', 'yellowbrick': '1.5', 'plotly': '5.15.0', 'plotly-resampler': 'Not installed', 'kaleido': '0.2.1', 'schemdraw': '0.15', 'statsmodels': '0.14.0', 'sktime': '0.21.1', 'tbats': '1.1.3', 'pmdarima': '2.0.4', 'psutil': '5.9.5', 'markupsafe': '2.1.3', 'pickle5': 'Not installed', 'cloudpickle': '2.2.1', 'deprecation': '2.1.0', 'xxhash': '3.4.1', 'wurlitzer': '3.0.3'}, 'python': {'version': '3.10.12', 'machine': 'x86_64'}}
  warnings.warn(

2023-12-16 00:11:42,836:WARNING:
'cuml' is a soft dependency and not included in the pycaret installation. Please run: `pip install cuml` to install.
2023-12-16 00:11:42,836:WARNING:
'cuml' is a soft dependency and not included in the pycaret installation. Please run: `pip install cuml` to install.
2023-12-16 00:11:42,836:WARNING:
'cuml' is a soft dependency and not included in the pycaret installation. Please run: `pip install cuml` to install.
2023-12-16 00:11:42,836:WARNING:
'cuml' is a soft dependency and not included in the pycaret installation. Please run: `pip install cuml` to install.
2023-12-16 00:11:42,940:INFO:Initializing load_model()
2023-12-16 00:11:42,940:INFO:load_model(model_name=XGBoost_deployment_15122023, platform=None, authentication=None, verbose=True)
2023-12-16 00:11:43,015:WARNING:/home/soulasphyxia/prog/hackaton_web/venv/lib64/python3.11/site-packages/pycaret/internal/pipeline.py:145: UserWarning: Version mismatch:
current: {'deps_info': {'pip': '22.3.1', 'setuptools': '65.5.1', 'pycaret': '3.2.0', 'IPython': '8.18.1', 'ipywidgets': '8.1.1', 'tqdm': '4.66.1', 'numpy': '1.25.2', 'pandas': '1.5.3', 'jinja2': '3.1.2', 'scipy': '1.10.1', 'joblib': '1.3.2', 'sklearn': '1.2.2', 'pyod': '1.1.2', 'imblearn': '0.11.0', 'category_encoders': '2.6.3', 'lightgbm': '4.1.0', 'numba': '0.58.1', 'requests': '2.28.2', 'matplotlib': '3.8.1', 'scikitplot': '0.3.7', 'yellowbrick': '1.5', 'plotly': '5.18.0', 'plotly-resampler': 'Not installed', 'kaleido': '0.2.1', 'schemdraw': '0.15', 'statsmodels': '0.14.1', 'sktime': '0.21.1', 'tbats': '1.1.3', 'pmdarima': '2.0.4', 'psutil': '5.9.6', 'markupsafe': '2.1.2', 'pickle5': 'Not installed', 'cloudpickle': '3.0.0', 'deprecation': '2.1.0', 'xxhash': '3.4.1', 'wurlitzer': '3.0.3'}, 'python': {'version': '3.11.6', 'machine': 'x86_64'}}
pickle: {'deps_info': {'pip': '23.1.2', 'setuptools': '67.7.2', 'pycaret': '3.2.0', 'IPython': '7.34.0', 'ipywidgets': '7.7.1', 'tqdm': '4.66.1', 'numpy': '1.23.5', 'pandas': '1.5.3', 'jinja2': '3.1.2', 'scipy': '1.10.1', 'joblib': '1.3.2', 'sklearn': '1.2.2', 'pyod': '1.1.2', 'imblearn': '0.10.1', 'category_encoders': '2.6.3', 'lightgbm': '4.1.0', 'numba': '0.58.1', 'requests': '2.31.0', 'matplotlib': '3.6.0', 'scikitplot': '0.3.7', 'yellowbrick': '1.5', 'plotly': '5.15.0', 'plotly-resampler': 'Not installed', 'kaleido': '0.2.1', 'schemdraw': '0.15', 'statsmodels': '0.14.0', 'sktime': '0.21.1', 'tbats': '1.1.3', 'pmdarima': '2.0.4', 'psutil': '5.9.5', 'markupsafe': '2.1.3', 'pickle5': 'Not installed', 'cloudpickle': '2.2.1', 'deprecation': '2.1.0', 'xxhash': '3.4.1', 'wurlitzer': '3.0.3'}, 'python': {'version': '3.10.12', 'machine': 'x86_64'}}
  warnings.warn(

2023-12-16 00:12:00,729:WARNING:
'cuml' is a soft dependency and not included in the pycaret installation. Please run: `pip install cuml` to install.
2023-12-16 00:12:00,729:WARNING:
'cuml' is a soft dependency and not included in the pycaret installation. Please run: `pip install cuml` to install.
2023-12-16 00:12:00,729:WARNING:
'cuml' is a soft dependency and not included in the pycaret installation. Please run: `pip install cuml` to install.
2023-12-16 00:12:00,729:WARNING:
'cuml' is a soft dependency and not included in the pycaret installation. Please run: `pip install cuml` to install.
2023-12-16 00:12:00,831:INFO:Initializing load_model()
2023-12-16 00:12:00,831:INFO:load_model(model_name=XGBoost_deployment_15122023, platform=None, authentication=None, verbose=True)
2023-12-16 00:12:00,909:WARNING:/home/soulasphyxia/prog/hackaton_web/venv/lib64/python3.11/site-packages/pycaret/internal/pipeline.py:145: UserWarning: Version mismatch:
current: {'deps_info': {'pip': '22.3.1', 'setuptools': '65.5.1', 'pycaret': '3.2.0', 'IPython': '8.18.1', 'ipywidgets': '8.1.1', 'tqdm': '4.66.1', 'numpy': '1.25.2', 'pandas': '1.5.3', 'jinja2': '3.1.2', 'scipy': '1.10.1', 'joblib': '1.3.2', 'sklearn': '1.2.2', 'pyod': '1.1.2', 'imblearn': '0.11.0', 'category_encoders': '2.6.3', 'lightgbm': '4.1.0', 'numba': '0.58.1', 'requests': '2.28.2', 'matplotlib': '3.8.1', 'scikitplot': '0.3.7', 'yellowbrick': '1.5', 'plotly': '5.18.0', 'plotly-resampler': 'Not installed', 'kaleido': '0.2.1', 'schemdraw': '0.15', 'statsmodels': '0.14.1', 'sktime': '0.21.1', 'tbats': '1.1.3', 'pmdarima': '2.0.4', 'psutil': '5.9.6', 'markupsafe': '2.1.2', 'pickle5': 'Not installed', 'cloudpickle': '3.0.0', 'deprecation': '2.1.0', 'xxhash': '3.4.1', 'wurlitzer': '3.0.3'}, 'python': {'version': '3.11.6', 'machine': 'x86_64'}}
pickle: {'deps_info': {'pip': '23.1.2', 'setuptools': '67.7.2', 'pycaret': '3.2.0', 'IPython': '7.34.0', 'ipywidgets': '7.7.1', 'tqdm': '4.66.1', 'numpy': '1.23.5', 'pandas': '1.5.3', 'jinja2': '3.1.2', 'scipy': '1.10.1', 'joblib': '1.3.2', 'sklearn': '1.2.2', 'pyod': '1.1.2', 'imblearn': '0.10.1', 'category_encoders': '2.6.3', 'lightgbm': '4.1.0', 'numba': '0.58.1', 'requests': '2.31.0', 'matplotlib': '3.6.0', 'scikitplot': '0.3.7', 'yellowbrick': '1.5', 'plotly': '5.15.0', 'plotly-resampler': 'Not installed', 'kaleido': '0.2.1', 'schemdraw': '0.15', 'statsmodels': '0.14.0', 'sktime': '0.21.1', 'tbats': '1.1.3', 'pmdarima': '2.0.4', 'psutil': '5.9.5', 'markupsafe': '2.1.3', 'pickle5': 'Not installed', 'cloudpickle': '2.2.1', 'deprecation': '2.1.0', 'xxhash': '3.4.1', 'wurlitzer': '3.0.3'}, 'python': {'version': '3.10.12', 'machine': 'x86_64'}}
  warnings.warn(

2023-12-16 00:14:19,560:WARNING:
'cuml' is a soft dependency and not included in the pycaret installation. Please run: `pip install cuml` to install.
2023-12-16 00:14:19,560:WARNING:
'cuml' is a soft dependency and not included in the pycaret installation. Please run: `pip install cuml` to install.
2023-12-16 00:14:19,560:WARNING:
'cuml' is a soft dependency and not included in the pycaret installation. Please run: `pip install cuml` to install.
2023-12-16 00:14:19,560:WARNING:
'cuml' is a soft dependency and not included in the pycaret installation. Please run: `pip install cuml` to install.
2023-12-16 00:14:19,663:INFO:Initializing load_model()
2023-12-16 00:14:19,663:INFO:load_model(model_name=XGBoost_deployment_15122023, platform=None, authentication=None, verbose=True)
2023-12-16 00:14:19,740:WARNING:/home/soulasphyxia/prog/hackaton_web/venv/lib64/python3.11/site-packages/pycaret/internal/pipeline.py:145: UserWarning: Version mismatch:
current: {'deps_info': {'pip': '22.3.1', 'setuptools': '65.5.1', 'pycaret': '3.2.0', 'IPython': '8.18.1', 'ipywidgets': '8.1.1', 'tqdm': '4.66.1', 'numpy': '1.25.2', 'pandas': '1.5.3', 'jinja2': '3.1.2', 'scipy': '1.10.1', 'joblib': '1.3.2', 'sklearn': '1.2.2', 'pyod': '1.1.2', 'imblearn': '0.11.0', 'category_encoders': '2.6.3', 'lightgbm': '4.1.0', 'numba': '0.58.1', 'requests': '2.28.2', 'matplotlib': '3.8.1', 'scikitplot': '0.3.7', 'yellowbrick': '1.5', 'plotly': '5.18.0', 'plotly-resampler': 'Not installed', 'kaleido': '0.2.1', 'schemdraw': '0.15', 'statsmodels': '0.14.1', 'sktime': '0.21.1', 'tbats': '1.1.3', 'pmdarima': '2.0.4', 'psutil': '5.9.6', 'markupsafe': '2.1.2', 'pickle5': 'Not installed', 'cloudpickle': '3.0.0', 'deprecation': '2.1.0', 'xxhash': '3.4.1', 'wurlitzer': '3.0.3'}, 'python': {'version': '3.11.6', 'machine': 'x86_64'}}
pickle: {'deps_info': {'pip': '23.1.2', 'setuptools': '67.7.2', 'pycaret': '3.2.0', 'IPython': '7.34.0', 'ipywidgets': '7.7.1', 'tqdm': '4.66.1', 'numpy': '1.23.5', 'pandas': '1.5.3', 'jinja2': '3.1.2', 'scipy': '1.10.1', 'joblib': '1.3.2', 'sklearn': '1.2.2', 'pyod': '1.1.2', 'imblearn': '0.10.1', 'category_encoders': '2.6.3', 'lightgbm': '4.1.0', 'numba': '0.58.1', 'requests': '2.31.0', 'matplotlib': '3.6.0', 'scikitplot': '0.3.7', 'yellowbrick': '1.5', 'plotly': '5.15.0', 'plotly-resampler': 'Not installed', 'kaleido': '0.2.1', 'schemdraw': '0.15', 'statsmodels': '0.14.0', 'sktime': '0.21.1', 'tbats': '1.1.3', 'pmdarima': '2.0.4', 'psutil': '5.9.5', 'markupsafe': '2.1.3', 'pickle5': 'Not installed', 'cloudpickle': '2.2.1', 'deprecation': '2.1.0', 'xxhash': '3.4.1', 'wurlitzer': '3.0.3'}, 'python': {'version': '3.10.12', 'machine': 'x86_64'}}
  warnings.warn(

2023-12-16 00:15:15,868:WARNING:
'cuml' is a soft dependency and not included in the pycaret installation. Please run: `pip install cuml` to install.
2023-12-16 00:15:15,868:WARNING:
'cuml' is a soft dependency and not included in the pycaret installation. Please run: `pip install cuml` to install.
2023-12-16 00:15:15,868:WARNING:
'cuml' is a soft dependency and not included in the pycaret installation. Please run: `pip install cuml` to install.
2023-12-16 00:15:15,868:WARNING:
'cuml' is a soft dependency and not included in the pycaret installation. Please run: `pip install cuml` to install.
2023-12-16 00:15:15,971:INFO:Initializing load_model()
2023-12-16 00:15:15,971:INFO:load_model(model_name=XGBoost_deployment_15122023, platform=None, authentication=None, verbose=True)
2023-12-16 00:15:16,041:WARNING:/home/soulasphyxia/prog/hackaton_web/venv/lib64/python3.11/site-packages/pycaret/internal/pipeline.py:145: UserWarning: Version mismatch:
current: {'deps_info': {'pip': '22.3.1', 'setuptools': '65.5.1', 'pycaret': '3.2.0', 'IPython': '8.18.1', 'ipywidgets': '8.1.1', 'tqdm': '4.66.1', 'numpy': '1.25.2', 'pandas': '1.5.3', 'jinja2': '3.1.2', 'scipy': '1.10.1', 'joblib': '1.3.2', 'sklearn': '1.2.2', 'pyod': '1.1.2', 'imblearn': '0.11.0', 'category_encoders': '2.6.3', 'lightgbm': '4.1.0', 'numba': '0.58.1', 'requests': '2.28.2', 'matplotlib': '3.8.1', 'scikitplot': '0.3.7', 'yellowbrick': '1.5', 'plotly': '5.18.0', 'plotly-resampler': 'Not installed', 'kaleido': '0.2.1', 'schemdraw': '0.15', 'statsmodels': '0.14.1', 'sktime': '0.21.1', 'tbats': '1.1.3', 'pmdarima': '2.0.4', 'psutil': '5.9.6', 'markupsafe': '2.1.2', 'pickle5': 'Not installed', 'cloudpickle': '3.0.0', 'deprecation': '2.1.0', 'xxhash': '3.4.1', 'wurlitzer': '3.0.3'}, 'python': {'version': '3.11.6', 'machine': 'x86_64'}}
pickle: {'deps_info': {'pip': '23.1.2', 'setuptools': '67.7.2', 'pycaret': '3.2.0', 'IPython': '7.34.0', 'ipywidgets': '7.7.1', 'tqdm': '4.66.1', 'numpy': '1.23.5', 'pandas': '1.5.3', 'jinja2': '3.1.2', 'scipy': '1.10.1', 'joblib': '1.3.2', 'sklearn': '1.2.2', 'pyod': '1.1.2', 'imblearn': '0.10.1', 'category_encoders': '2.6.3', 'lightgbm': '4.1.0', 'numba': '0.58.1', 'requests': '2.31.0', 'matplotlib': '3.6.0', 'scikitplot': '0.3.7', 'yellowbrick': '1.5', 'plotly': '5.15.0', 'plotly-resampler': 'Not installed', 'kaleido': '0.2.1', 'schemdraw': '0.15', 'statsmodels': '0.14.0', 'sktime': '0.21.1', 'tbats': '1.1.3', 'pmdarima': '2.0.4', 'psutil': '5.9.5', 'markupsafe': '2.1.3', 'pickle5': 'Not installed', 'cloudpickle': '2.2.1', 'deprecation': '2.1.0', 'xxhash': '3.4.1', 'wurlitzer': '3.0.3'}, 'python': {'version': '3.10.12', 'machine': 'x86_64'}}
  warnings.warn(

2023-12-16 00:15:33,357:WARNING:
'cuml' is a soft dependency and not included in the pycaret installation. Please run: `pip install cuml` to install.
2023-12-16 00:15:33,357:WARNING:
'cuml' is a soft dependency and not included in the pycaret installation. Please run: `pip install cuml` to install.
2023-12-16 00:15:33,357:WARNING:
'cuml' is a soft dependency and not included in the pycaret installation. Please run: `pip install cuml` to install.
2023-12-16 00:15:33,357:WARNING:
'cuml' is a soft dependency and not included in the pycaret installation. Please run: `pip install cuml` to install.
2023-12-16 00:15:33,457:INFO:Initializing load_model()
2023-12-16 00:15:33,457:INFO:load_model(model_name=XGBoost_deployment_15122023, platform=None, authentication=None, verbose=True)
2023-12-16 00:15:33,524:WARNING:/home/soulasphyxia/prog/hackaton_web/venv/lib64/python3.11/site-packages/pycaret/internal/pipeline.py:145: UserWarning: Version mismatch:
current: {'deps_info': {'pip': '22.3.1', 'setuptools': '65.5.1', 'pycaret': '3.2.0', 'IPython': '8.18.1', 'ipywidgets': '8.1.1', 'tqdm': '4.66.1', 'numpy': '1.25.2', 'pandas': '1.5.3', 'jinja2': '3.1.2', 'scipy': '1.10.1', 'joblib': '1.3.2', 'sklearn': '1.2.2', 'pyod': '1.1.2', 'imblearn': '0.11.0', 'category_encoders': '2.6.3', 'lightgbm': '4.1.0', 'numba': '0.58.1', 'requests': '2.28.2', 'matplotlib': '3.8.1', 'scikitplot': '0.3.7', 'yellowbrick': '1.5', 'plotly': '5.18.0', 'plotly-resampler': 'Not installed', 'kaleido': '0.2.1', 'schemdraw': '0.15', 'statsmodels': '0.14.1', 'sktime': '0.21.1', 'tbats': '1.1.3', 'pmdarima': '2.0.4', 'psutil': '5.9.6', 'markupsafe': '2.1.2', 'pickle5': 'Not installed', 'cloudpickle': '3.0.0', 'deprecation': '2.1.0', 'xxhash': '3.4.1', 'wurlitzer': '3.0.3'}, 'python': {'version': '3.11.6', 'machine': 'x86_64'}}
pickle: {'deps_info': {'pip': '23.1.2', 'setuptools': '67.7.2', 'pycaret': '3.2.0', 'IPython': '7.34.0', 'ipywidgets': '7.7.1', 'tqdm': '4.66.1', 'numpy': '1.23.5', 'pandas': '1.5.3', 'jinja2': '3.1.2', 'scipy': '1.10.1', 'joblib': '1.3.2', 'sklearn': '1.2.2', 'pyod': '1.1.2', 'imblearn': '0.10.1', 'category_encoders': '2.6.3', 'lightgbm': '4.1.0', 'numba': '0.58.1', 'requests': '2.31.0', 'matplotlib': '3.6.0', 'scikitplot': '0.3.7', 'yellowbrick': '1.5', 'plotly': '5.15.0', 'plotly-resampler': 'Not installed', 'kaleido': '0.2.1', 'schemdraw': '0.15', 'statsmodels': '0.14.0', 'sktime': '0.21.1', 'tbats': '1.1.3', 'pmdarima': '2.0.4', 'psutil': '5.9.5', 'markupsafe': '2.1.3', 'pickle5': 'Not installed', 'cloudpickle': '2.2.1', 'deprecation': '2.1.0', 'xxhash': '3.4.1', 'wurlitzer': '3.0.3'}, 'python': {'version': '3.10.12', 'machine': 'x86_64'}}
  warnings.warn(

2023-12-16 00:20:44,931:WARNING:
'cuml' is a soft dependency and not included in the pycaret installation. Please run: `pip install cuml` to install.
2023-12-16 00:20:44,941:WARNING:
'cuml' is a soft dependency and not included in the pycaret installation. Please run: `pip install cuml` to install.
2023-12-16 00:20:44,941:WARNING:
'cuml' is a soft dependency and not included in the pycaret installation. Please run: `pip install cuml` to install.
2023-12-16 00:20:44,941:WARNING:
'cuml' is a soft dependency and not included in the pycaret installation. Please run: `pip install cuml` to install.
2023-12-16 00:20:45,799:INFO:Initializing load_model()
2023-12-16 00:20:45,800:INFO:load_model(model_name=XGBoost_deployment_15122023, platform=None, authentication=None, verbose=True)
2023-12-16 00:20:46,170:WARNING:/home/soulasphyxia/prog/hackaton_web/venv/lib64/python3.11/site-packages/pycaret/internal/pipeline.py:145: UserWarning: Version mismatch:
current: {'deps_info': {'pip': '22.3.1', 'setuptools': '65.5.1', 'pycaret': '3.2.0', 'IPython': '8.18.1', 'ipywidgets': '8.1.1', 'tqdm': '4.66.1', 'numpy': '1.25.2', 'pandas': '1.5.3', 'jinja2': '3.1.2', 'scipy': '1.10.1', 'joblib': '1.3.2', 'sklearn': '1.2.2', 'pyod': '1.1.2', 'imblearn': '0.11.0', 'category_encoders': '2.6.3', 'lightgbm': '4.1.0', 'numba': '0.58.1', 'requests': '2.28.2', 'matplotlib': '3.8.1', 'scikitplot': '0.3.7', 'yellowbrick': '1.5', 'plotly': '5.18.0', 'plotly-resampler': 'Not installed', 'kaleido': '0.2.1', 'schemdraw': '0.15', 'statsmodels': '0.14.1', 'sktime': '0.21.1', 'tbats': '1.1.3', 'pmdarima': '2.0.4', 'psutil': '5.9.6', 'markupsafe': '2.1.2', 'pickle5': 'Not installed', 'cloudpickle': '3.0.0', 'deprecation': '2.1.0', 'xxhash': '3.4.1', 'wurlitzer': '3.0.3'}, 'python': {'version': '3.11.6', 'machine': 'x86_64'}}
pickle: {'deps_info': {'pip': '23.1.2', 'setuptools': '67.7.2', 'pycaret': '3.2.0', 'IPython': '7.34.0', 'ipywidgets': '7.7.1', 'tqdm': '4.66.1', 'numpy': '1.23.5', 'pandas': '1.5.3', 'jinja2': '3.1.2', 'scipy': '1.10.1', 'joblib': '1.3.2', 'sklearn': '1.2.2', 'pyod': '1.1.2', 'imblearn': '0.10.1', 'category_encoders': '2.6.3', 'lightgbm': '4.1.0', 'numba': '0.58.1', 'requests': '2.31.0', 'matplotlib': '3.6.0', 'scikitplot': '0.3.7', 'yellowbrick': '1.5', 'plotly': '5.15.0', 'plotly-resampler': 'Not installed', 'kaleido': '0.2.1', 'schemdraw': '0.15', 'statsmodels': '0.14.0', 'sktime': '0.21.1', 'tbats': '1.1.3', 'pmdarima': '2.0.4', 'psutil': '5.9.5', 'markupsafe': '2.1.3', 'pickle5': 'Not installed', 'cloudpickle': '2.2.1', 'deprecation': '2.1.0', 'xxhash': '3.4.1', 'wurlitzer': '3.0.3'}, 'python': {'version': '3.10.12', 'machine': 'x86_64'}}
  warnings.warn(

2023-12-17 01:13:50,406:WARNING:
'cuml' is a soft dependency and not included in the pycaret installation. Please run: `pip install cuml` to install.
2023-12-17 01:13:50,420:WARNING:
'cuml' is a soft dependency and not included in the pycaret installation. Please run: `pip install cuml` to install.
2023-12-17 01:13:50,420:WARNING:
'cuml' is a soft dependency and not included in the pycaret installation. Please run: `pip install cuml` to install.
2023-12-17 01:13:50,420:WARNING:
'cuml' is a soft dependency and not included in the pycaret installation. Please run: `pip install cuml` to install.
2023-12-17 01:13:51,932:INFO:Initializing load_model()
2023-12-17 01:13:51,932:INFO:load_model(model_name=XGBoost_deployment_15122023, platform=None, authentication=None, verbose=True)
2023-12-17 01:15:32,171:WARNING:
'cuml' is a soft dependency and not included in the pycaret installation. Please run: `pip install cuml` to install.
2023-12-17 01:15:32,342:WARNING:
'cuml' is a soft dependency and not included in the pycaret installation. Please run: `pip install cuml` to install.
2023-12-17 01:15:32,342:WARNING:
'cuml' is a soft dependency and not included in the pycaret installation. Please run: `pip install cuml` to install.
2023-12-17 01:15:32,342:WARNING:
'cuml' is a soft dependency and not included in the pycaret installation. Please run: `pip install cuml` to install.
2023-12-17 01:15:33,753:INFO:Initializing load_model()
2023-12-17 01:15:33,753:INFO:load_model(model_name=XGBoost_deployment_15122023, platform=None, authentication=None, verbose=True)
2023-12-17 01:15:35,310:WARNING:C:\Users\masly\Airfare-Predictor\venv\lib\site-packages\pycaret\internal\pipeline.py:145: UserWarning: Version mismatch:
current: {'deps_info': {'pip': '23.0.1', 'setuptools': '65.5.0', 'pycaret': '3.2.0', 'IPython': '8.18.1', 'ipywidgets': '8.1.1', 'tqdm': '4.66.1', 'numpy': '1.25.2', 'pandas': '1.5.3', 'jinja2': '3.1.2', 'scipy': '1.10.1', 'joblib': '1.3.2', 'sklearn': '1.2.2', 'pyod': '1.1.2', 'imblearn': '0.11.0', 'category_encoders': '2.6.3', 'lightgbm': '4.1.0', 'numba': '0.58.1', 'requests': '2.31.0', 'matplotlib': '3.6.0', 'scikitplot': '0.3.7', 'yellowbrick': '1.5', 'plotly': '5.18.0', 'plotly-resampler': 'Not installed', 'kaleido': '0.2.1', 'schemdraw': '0.15', 'statsmodels': '0.14.1', 'sktime': '0.21.1', 'tbats': '1.1.3', 'pmdarima': '2.0.4', 'psutil': '5.9.6', 'markupsafe': '2.1.3', 'pickle5': 'Not installed', 'cloudpickle': '3.0.0', 'deprecation': '2.1.0', 'xxhash': '3.4.1', 'wurlitzer': 'Not installed'}, 'python': {'version': '3.10.11', 'machine': 'AMD64'}}
pickle: {'deps_info': {'pip': '23.1.2', 'setuptools': '67.7.2', 'pycaret': '3.2.0', 'IPython': '7.34.0', 'ipywidgets': '7.7.1', 'tqdm': '4.66.1', 'numpy': '1.23.5', 'pandas': '1.5.3', 'jinja2': '3.1.2', 'scipy': '1.10.1', 'joblib': '1.3.2', 'sklearn': '1.2.2', 'pyod': '1.1.2', 'imblearn': '0.10.1', 'category_encoders': '2.6.3', 'lightgbm': '4.1.0', 'numba': '0.58.1', 'requests': '2.31.0', 'matplotlib': '3.6.0', 'scikitplot': '0.3.7', 'yellowbrick': '1.5', 'plotly': '5.15.0', 'plotly-resampler': 'Not installed', 'kaleido': '0.2.1', 'schemdraw': '0.15', 'statsmodels': '0.14.0', 'sktime': '0.21.1', 'tbats': '1.1.3', 'pmdarima': '2.0.4', 'psutil': '5.9.5', 'markupsafe': '2.1.3', 'pickle5': 'Not installed', 'cloudpickle': '2.2.1', 'deprecation': '2.1.0', 'xxhash': '3.4.1', 'wurlitzer': '3.0.3'}, 'python': {'version': '3.10.12', 'machine': 'x86_64'}}
  warnings.warn(

2023-12-17 01:48:11,175:WARNING:
'cuml' is a soft dependency and not included in the pycaret installation. Please run: `pip install cuml` to install.
2023-12-17 01:48:11,175:WARNING:
'cuml' is a soft dependency and not included in the pycaret installation. Please run: `pip install cuml` to install.
2023-12-17 01:48:11,175:WARNING:
'cuml' is a soft dependency and not included in the pycaret installation. Please run: `pip install cuml` to install.
2023-12-17 01:48:11,175:WARNING:
'cuml' is a soft dependency and not included in the pycaret installation. Please run: `pip install cuml` to install.
2023-12-17 01:48:13,498:INFO:Initializing load_model()
2023-12-17 01:48:13,498:INFO:load_model(model_name=XGBoost_deployment_15122023, platform=None, authentication=None, verbose=True)
2023-12-17 01:48:14,632:WARNING:C:\Users\masly\Airfare-Predictor\venv\lib\site-packages\pycaret\internal\pipeline.py:145: UserWarning: Version mismatch:
current: {'deps_info': {'pip': '23.0.1', 'setuptools': '65.5.0', 'pycaret': '3.2.0', 'IPython': '8.18.1', 'ipywidgets': '8.1.1', 'tqdm': '4.66.1', 'numpy': '1.25.2', 'pandas': '1.5.3', 'jinja2': '3.1.2', 'scipy': '1.10.1', 'joblib': '1.3.2', 'sklearn': '1.2.2', 'pyod': '1.1.2', 'imblearn': '0.11.0', 'category_encoders': '2.6.3', 'lightgbm': '4.1.0', 'numba': '0.58.1', 'requests': '2.31.0', 'matplotlib': '3.6.0', 'scikitplot': '0.3.7', 'yellowbrick': '1.5', 'plotly': '5.18.0', 'plotly-resampler': 'Not installed', 'kaleido': '0.2.1', 'schemdraw': '0.15', 'statsmodels': '0.14.1', 'sktime': '0.21.1', 'tbats': '1.1.3', 'pmdarima': '2.0.4', 'psutil': '5.9.6', 'markupsafe': '2.1.3', 'pickle5': 'Not installed', 'cloudpickle': '3.0.0', 'deprecation': '2.1.0', 'xxhash': '3.4.1', 'wurlitzer': 'Not installed'}, 'python': {'version': '3.10.11', 'machine': 'AMD64'}}
pickle: {'deps_info': {'pip': '23.1.2', 'setuptools': '67.7.2', 'pycaret': '3.2.0', 'IPython': '7.34.0', 'ipywidgets': '7.7.1', 'tqdm': '4.66.1', 'numpy': '1.23.5', 'pandas': '1.5.3', 'jinja2': '3.1.2', 'scipy': '1.10.1', 'joblib': '1.3.2', 'sklearn': '1.2.2', 'pyod': '1.1.2', 'imblearn': '0.10.1', 'category_encoders': '2.6.3', 'lightgbm': '4.1.0', 'numba': '0.58.1', 'requests': '2.31.0', 'matplotlib': '3.6.0', 'scikitplot': '0.3.7', 'yellowbrick': '1.5', 'plotly': '5.15.0', 'plotly-resampler': 'Not installed', 'kaleido': '0.2.1', 'schemdraw': '0.15', 'statsmodels': '0.14.0', 'sktime': '0.21.1', 'tbats': '1.1.3', 'pmdarima': '2.0.4', 'psutil': '5.9.5', 'markupsafe': '2.1.3', 'pickle5': 'Not installed', 'cloudpickle': '2.2.1', 'deprecation': '2.1.0', 'xxhash': '3.4.1', 'wurlitzer': '3.0.3'}, 'python': {'version': '3.10.12', 'machine': 'x86_64'}}
  warnings.warn(

